<?xml version="1.0" encoding="UTF-8"?>
<!-- Generated by org.testng.reporters.JUnitReportReporter -->
<testsuite skipped="0" hostname="Krish" name="com.org.learningMaven.HelloWorldTest" tests="1" failures="0" timestamp="03 Aug 2019 11:00:55 GMT" time="0.037" errors="0">
  <testcase name="Login" time="0.037" classname="com.org.learningMaven.HelloWorldTest"/>
</testsuite> <!-- com.org.learningMaven.HelloWorldTest -->
